<?xml version="1.0" encoding="UTF-8"?>
<testng-results skipped="0" failed="0" ignored="0" total="3" passed="3">
  <reporter-output>
    <line>
      <![CDATA[Website at https://damp-garden-55551.herokuapp.com/ loaded successfully.]]>
    </line>
    <line>
      <![CDATA[Logged in to admin dashboard successfully]]>
    </line>
    <line>
      <![CDATA[New Article with title "Mike's first post" created successfully.]]>
    </line>
    <line>
      <![CDATA[Website at https://damp-garden-55551.herokuapp.com/ loaded successfully.]]>
    </line>
    <line>
      <![CDATA[Website at https://damp-garden-55551.herokuapp.com/ loaded successfully.]]>
    </line>
    <line>
      <![CDATA[Article with title "Mike's first post" deleted successfully.]]>
    </line>
  </reporter-output>
  <suite name="Default suite" duration-ms="26623" started-at="2018-03-20T22:39:57Z" finished-at="2018-03-20T22:40:24Z">
    <groups>
    </groups>
    <test name="Default test" duration-ms="26623" started-at="2018-03-20T22:39:57Z" finished-at="2018-03-20T22:40:24Z">
      <class name="automation.NewArticleTest">
        <test-method status="PASS" signature="beforeTest()[pri:0, instance:automation.NewArticleTest@65f8f5ae]" name="beforeTest" is-config="true" duration-ms="4475" started-at="2018-03-20T22:39:57Z" finished-at="2018-03-20T22:40:02Z">
          <reporter-output>
          </reporter-output>
        </test-method> <!-- beforeTest -->
        <test-method status="PASS" signature="createArticleTest()[pri:0, instance:automation.NewArticleTest@65f8f5ae]" name="createArticleTest" duration-ms="11426" started-at="2018-03-20T22:40:02Z" finished-at="2018-03-20T22:40:13Z">
          <reporter-output>
            <line>
              <![CDATA[Website at https://damp-garden-55551.herokuapp.com/ loaded successfully.]]>
            </line>
            <line>
              <![CDATA[Logged in to admin dashboard successfully]]>
            </line>
            <line>
              <![CDATA[New Article with title "Mike's first post" created successfully.]]>
            </line>
          </reporter-output>
        </test-method> <!-- createArticleTest -->
        <test-method status="PASS" signature="goToArticleTest()[pri:1, instance:automation.NewArticleTest@65f8f5ae]" name="goToArticleTest" duration-ms="4348" started-at="2018-03-20T22:40:13Z" finished-at="2018-03-20T22:40:18Z">
          <reporter-output>
            <line>
              <![CDATA[Website at https://damp-garden-55551.herokuapp.com/ loaded successfully.]]>
            </line>
          </reporter-output>
        </test-method> <!-- goToArticleTest -->
        <test-method status="PASS" signature="deleteArticleTest()[pri:2, instance:automation.NewArticleTest@65f8f5ae]" name="deleteArticleTest" duration-ms="5673" started-at="2018-03-20T22:40:18Z" finished-at="2018-03-20T22:40:23Z">
          <reporter-output>
            <line>
              <![CDATA[Website at https://damp-garden-55551.herokuapp.com/ loaded successfully.]]>
            </line>
            <line>
              <![CDATA[Article with title "Mike's first post" deleted successfully.]]>
            </line>
          </reporter-output>
        </test-method> <!-- deleteArticleTest -->
        <test-method status="PASS" signature="afterTest()[pri:0, instance:automation.NewArticleTest@65f8f5ae]" name="afterTest" is-config="true" duration-ms="667" started-at="2018-03-20T22:40:23Z" finished-at="2018-03-20T22:40:24Z">
          <reporter-output>
          </reporter-output>
        </test-method> <!-- afterTest -->
      </class> <!-- automation.NewArticleTest -->
    </test> <!-- Default test -->
  </suite> <!-- Default suite -->
</testng-results>
