<?xml version="1.0" encoding="UTF-8"?>
<!-- Generated by org.testng.reporters.JUnitXMLReporter -->
<testsuite hostname="DsouzaW510" ignored="0" name="Default test" tests="3" failures="0" timestamp="20 Mar 2018 22:40:24 GMT" time="26.623" errors="0">
  <testcase name="createArticleTest" time="11.426" classname="automation.NewArticleTest"/>
  <testcase name="goToArticleTest" time="4.348" classname="automation.NewArticleTest"/>
  <testcase name="deleteArticleTest" time="5.673" classname="automation.NewArticleTest"/>
</testsuite> <!-- Default test -->
